<?xml version="1.0" encoding="UTF-8"?>
<!-- Generated by org.testng.reporters.JUnitReportReporter -->
<testsuite hostname="Varun" failures="0" tests="1" name="com.tmd.tests.demoTest" time="0.045" errors="0" timestamp="2023-11-14T21:32:18 GMT-05:00" skipped="0">
  <testcase classname="com.tmd.tests.demoTest" name="testLogin" time="0.045"/>
</testsuite> <!-- com.tmd.tests.demoTest -->
